# Logfile created on Sat Feb 16 18:41:04 -0500 2008Started background process daemon
WARNING: You're using the Ruby-based MySQL library that ships with Rails. This library is not suited for production. Please install the C-based MySQL library instead (gem install mysql).
  [4;36;1mSQL (0.000175)[0m   [0;1mSET SQL_AUTO_IS_NULL=0[0m
  [4;35;1mUser Load (0.000669)[0m   [0mSELECT * FROM `users` [0m
  [4;36;1mUser Columns (0.004054)[0m   [0;1mSHOW FIELDS FROM `users`[0m
  [4;35;1mUser Load (0.002003)[0m   [0mSELECT * FROM `users` [0m
Incoming picture process daemon exiting ...
Started background process daemon
WARNING: You're using the Ruby-based MySQL library that ships with Rails. This library is not suited for production. Please install the C-based MySQL library instead (gem install mysql).
  [4;36;1mSQL (0.000176)[0m   [0;1mSET SQL_AUTO_IS_NULL=0[0m
  [4;35;1mUser Load (0.000686)[0m   [0mSELECT * FROM `users` [0m
  [4;36;1mUser Columns (0.004369)[0m   [0;1mSHOW FIELDS FROM `users`[0m
updating user 699450824
message: 
  [4;35;1mUser Load (0.001520)[0m   [0mSELECT * FROM `users` [0m
updating user 699450824
message: is writing a facebook to twitter app
unknown twitter response: Net::HTTPUnauthorized
  [4;36;1mUser Load (0.001730)[0m   [0;1mSELECT * FROM `users` [0m
updating user 699450824
message: is writing a facebook to twitter app
unknown twitter response: Net::HTTPUnauthorized
Started background process daemon
WARNING: You're using the Ruby-based MySQL library that ships with Rails. This library is not suited for production. Please install the C-based MySQL library instead (gem install mysql).
  [4;36;1mSQL (0.000174)[0m   [0;1mSET SQL_AUTO_IS_NULL=0[0m
  [4;35;1mUser Load (0.000690)[0m   [0mSELECT * FROM `users` [0m
  [4;36;1mUser Columns (0.004567)[0m   [0;1mSHOW FIELDS FROM `users`[0m
updating user 699450824
message: is writing a facebook to twitter app
  [4;35;1mSQL (0.000316)[0m   [0mBEGIN[0m
  [4;36;1mUser Update (0.000508)[0m   [0;1mUPDATE `users` SET `created_at` = '2008-02-16 18:37:43', `facebook_id` = 699450824, `twitter_name` = 'haruska', `twitter_pass` = 'J8LeBr', `session` = '--- !ruby/object:Facebooker::Session \nsession_key: 996fe94a7f1e5aaaddb72ec7-699450824\nuid: 699450824\nexpires: 0\nsecret_from_session: \nauth_token: \napi_key: 69830d88b1efa1ccfe22e38055bcb8f5\nsecret_key: e5132d528628e814a95d88fd0170a23d\n', `bad_pass` = 1, `last_status` = NULL, `updated_at` = '2008-02-16 18:45:47' WHERE `id` = 1[0m
  [4;35;1mSQL (0.001462)[0m   [0mCOMMIT[0m
Incoming picture process daemon exiting ...
  [4;36;1mUser Load (0.001962)[0m   [0;1mSELECT * FROM `users` [0m
updating user 699450824
  [4;35;1mUser Load (0.001605)[0m   [0mSELECT * FROM `users` [0m
updating user 699450824
  [4;36;1mUser Load (0.001154)[0m   [0;1mSELECT * FROM `users` [0m
updating user 699450824
message: is writing a facebook to twitter app
  [4;35;1mUser Load (0.002076)[0m   [0mSELECT * FROM `users` [0m
updating user 699450824
message: is writing a facebook to twitter app
  [4;36;1mUser Load (0.002011)[0m   [0;1mSELECT * FROM `users` [0m
updating user 699450824
message: is writing a facebook to twitter app
Started background process daemon
WARNING: You're using the Ruby-based MySQL library that ships with Rails. This library is not suited for production. Please install the C-based MySQL library instead (gem install mysql).
  [4;36;1mSQL (0.000175)[0m   [0;1mSET SQL_AUTO_IS_NULL=0[0m
  [4;35;1mUser Load (0.000690)[0m   [0mSELECT * FROM `users` [0m
  [4;36;1mUser Columns (0.004212)[0m   [0;1mSHOW FIELDS FROM `users`[0m
updating user 699450824
message: is writing a facebook to twitter app
Incoming picture process daemon exiting ...
twitter daemon exiting ...
